<?xml version="1.0" encoding="UTF-8" standalone="no"?>
<!DOCTYPE log SYSTEM "logger.dtd">
<head/><log>
<record>
  <date>2016-07-18T23:41:40.278-0300</date>
  <logger>ITALO MENEZES DE LIMA POROCA</logger>
  <level>FINE</level>
  <message>File 115111014-ITALO MENEZES DE LIMA POROCA.zip was received. It was sent by ITALO MENEZES DE LIMA POROCA from IP 192.168.0.104</message>
</record>
</log>
<?xml version="1.0" encoding="UTF-8" standalone="no"?>
<!DOCTYPE log SYSTEM "logger.dtd">
<log>
<record>
  <date>2016-07-18T23:57:07.501-0300</date>
  <logger>ITALO MENEZES DE LIMA POROCA</logger>
  <level>FINE</level>
  <message>File 115111014-ITALO MENEZES DE LIMA POROCA.zip was received. It was sent by ITALO MENEZES DE LIMA POROCA from IP 192.168.0.104</message>
</record>
</log>
<?xml version="1.0" encoding="UTF-8" standalone="no"?>
<!DOCTYPE log SYSTEM "logger.dtd">
<log>
<record>
  <date>2016-07-18T23:58:34.810-0300</date>
  <logger>ITALO MENEZES DE LIMA POROCA</logger>
  <level>FINE</level>
  <message>File 115111014-ITALO MENEZES DE LIMA POROCA.zip was received. It was sent by ITALO MENEZES DE LIMA POROCA from IP 192.168.0.104</message>
</record>
</log>
<?xml version="1.0" encoding="UTF-8" standalone="no"?>
<!DOCTYPE log SYSTEM "logger.dtd">
<log>
<record>
  <date>2016-07-19T00:23:20.281-0300</date>
  <logger>ITALO MENEZES DE LIMA POROCA</logger>
  <level>FINE</level>
  <message>File 115111014-ITALO MENEZES DE LIMA POROCA.zip was received. It was sent by ITALO MENEZES DE LIMA POROCA from IP 192.168.0.104</message>
</record>
</log>
<?xml version="1.0" encoding="UTF-8" standalone="no"?>
<!DOCTYPE log SYSTEM "logger.dtd">
<log>
<record>
  <date>2016-07-19T00:37:16.788-0300</date>
  <logger>ITALO MENEZES DE LIMA POROCA</logger>
  <level>FINE</level>
  <message>File 115111014-ITALO MENEZES DE LIMA POROCA.zip was received. It was sent by ITALO MENEZES DE LIMA POROCA from IP 192.168.0.104</message>
</record>
