<?xml version="1.0" encoding="UTF-8" standalone="no"?>
<!DOCTYPE log SYSTEM "logger.dtd">
<head/><log>
<record>
  <date>2016-07-13T23:13:03.659-0300</date>
  <logger>ITALO MENEZES DE LIMA POROCA</logger>
  <level>FINE</level>
  <message>File 115111014-ITALO MENEZES DE LIMA POROCA.zip was received. It was sent by ITALO MENEZES DE LIMA POROCA from IP 192.168.0.101</message>
</record>
</log>
<?xml version="1.0" encoding="UTF-8" standalone="no"?>
<!DOCTYPE log SYSTEM "logger.dtd">
<log>
<record>
  <date>2016-07-13T23:15:59.502-0300</date>
  <logger>ITALO MENEZES DE LIMA POROCA</logger>
  <level>FINE</level>
  <message>File 115111014-ITALO MENEZES DE LIMA POROCA.zip was received. It was sent by ITALO MENEZES DE LIMA POROCA from IP 192.168.0.101</message>
</record>
</log>
<?xml version="1.0" encoding="UTF-8" standalone="no"?>
<!DOCTYPE log SYSTEM "logger.dtd">
<log>
<record>
  <date>2016-07-13T23:17:24.494-0300</date>
  <logger>ITALO MENEZES DE LIMA POROCA</logger>
  <level>FINE</level>
  <message>File 115111014-ITALO MENEZES DE LIMA POROCA.zip was received. It was sent by ITALO MENEZES DE LIMA POROCA from IP 192.168.0.101</message>
</record>
