<?xml version="1.0" encoding="UTF-8" standalone="no"?>
<!DOCTYPE log SYSTEM "logger.dtd">
<head/><log>
<record>
  <date>2016-08-19T23:39:41.023-0300</date>
  <logger>ITALO MENEZES DE LIMA POROCA</logger>
  <level>FINE</level>
  <message>File 115111014-ITALO MENEZES DE LIMA POROCA.zip was received. It was sent by ITALO MENEZES DE LIMA POROCA from IP 192.168.0.104</message>
</record>
</log>
<?xml version="1.0" encoding="UTF-8" standalone="no"?>
<!DOCTYPE log SYSTEM "logger.dtd">
<log>
<record>
  <date>2016-08-19T23:42:03.781-0300</date>
  <logger>ITALO MENEZES DE LIMA POROCA</logger>
  <level>FINE</level>
  <message>File 115111014-ITALO MENEZES DE LIMA POROCA.zip was received. It was sent by ITALO MENEZES DE LIMA POROCA from IP 192.168.0.104</message>
</record>
</log>
<?xml version="1.0" encoding="UTF-8" standalone="no"?>
<!DOCTYPE log SYSTEM "logger.dtd">
<log>
<record>
  <date>2016-08-19T23:43:39.511-0300</date>
  <logger>ITALO MENEZES DE LIMA POROCA</logger>
  <level>FINE</level>
  <message>File 115111014-ITALO MENEZES DE LIMA POROCA.zip was received. It was sent by ITALO MENEZES DE LIMA POROCA from IP 192.168.0.104</message>
</record>
